Arguments: 
  /usr/local/Cellar/node/13.5.0/bin/node /Users/junhoyeo/.yarn/bin/yarn.js build

PATH: 
  /Users/junhoyeo/.yarn/bin:/Users/junhoyeo/.config/yarn/global/node_modules/.bin:/usr/local/sbin:/Users/junhoyeo/Library/flutter/bin:/usr/local/opt/ruby/bin:/Users/junhoyeo/Library/Android/sdk/emulator:/usr/local/bin:/usr/bin:/bin:/usr/sbin:/sbin:/Applications/Wireshark.app/Contents/MacOS:/Users/junhoyeo/.yarn/bin:/Users/junhoyeo/.config/yarn/global/node_modules/.bin:/usr/local/sbin:/Users/junhoyeo/Library/flutter/bin:/usr/local/opt/ruby/bin:/Users/junhoyeo/Library/Android/sdk/emulator:/Applications/Visual Studio Code.app/Contents/Resources/app/bin:/Users/junhoyeo/Library/Android/sdk/tools:/Users/junhoyeo/Library/Android/sdk/tools/bin/:/Users/junhoyeo/Library/Android/sdk/platform-tools:/usr/local/Cellar/node/12.9.0/bin:/Applications/Visual Studio Code.app/Contents/Resources/app/bin:/Users/junhoyeo/Library/Android/sdk/tools:/Users/junhoyeo/Library/Android/sdk/tools/bin/:/Users/junhoyeo/Library/Android/sdk/platform-tools:/usr/local/Cellar/node/12.9.0/bin

Yarn version: 
  1.22.0

Node version: 
  12.16.0

Platform: 
  darwin x64

Trace: 
  Error: ENOSPC: no space left on device, write

npm manifest: 
  {
    "name": "react-native-bubble-tabbar",
    "version": "0.0.1",
    "description": "Bubble Tab Bar Component for React Native which supports React Navigation V5 and TypeScript",
    "main": "lib/index.js",
    "types": "lib/index.d.ts",
    "typings": "lib/index.d.ts",
    "repository": "https://github.com/junhoyeo/react-navigation-v5-bubble-tab-bar",
    "authors": {
      "name": "JunhoYeo",
      "email": "hanaro0704@naver.com"
    },
    "license": "MIT",
    "scripts": {
      "build": "tsc"
    },
    "peerDependencies": {
      "@react-navigation/bottom-tabs": "^5.2.6",
      "react": "^16.13.1",
      "react-native": "^0.62.2",
      "styled-components": "^5.1.0"
    },
    "devDependencies": {
      "@types/react": "^16.9.34",
      "@types/styled-components": "^5.0.1",
      "install-peers-cli": "^2.2.0",
      "typescript": "^3.8.3"
    }
  }

yarn manifest: 
  No manifest

Lockfile: 
  # THIS IS AN AUTOGENERATED FILE. DO NOT EDIT THIS FILE DIRECTLY.
  # yarn lockfile v1
  
  
  "@react-navigation/bottom-tabs@^5.2.6":
    version "5.2.6"
    resolved "https://registry.npmjs.org/@react-navigation/bottom-tabs/-/bottom-tabs-5.2.6.tgz#587220a78fdb71c643f2bf1de3d1b9aca669bd37"
    integrity sha512-I79rIHncqq44ayIYWJt86CSjwxVPXVJpWPZv9BaKi9oLrz9OVl5gG15IjSErWXFNPkP/XTrJSi/MdQnFlD0TzA==
    dependencies:
      color "^3.1.2"
      react-native-iphone-x-helper "^1.2.1"
  
  "@types/hoist-non-react-statics@*":
    version "3.3.1"
    resolved "https://registry.npmjs.org/@types/hoist-non-react-statics/-/hoist-non-react-statics-3.3.1.tgz#1124aafe5118cb591977aeb1ceaaed1070eb039f"
    integrity sha512-iMIqiko6ooLrTh1joXodJK5X9xeEALT1kM5G3ZLhD3hszxBdIEd5C75U834D9mLcINgD4OyZf5uQXjkuYydWvA==
    dependencies:
      "@types/react" "*"
      hoist-non-react-statics "^3.3.0"
  
  "@types/prop-types@*":
    version "15.7.3"
    resolved "https://registry.npmjs.org/@types/prop-types/-/prop-types-15.7.3.tgz#2ab0d5da2e5815f94b0b9d4b95d1e5f243ab2ca7"
    integrity sha512-KfRL3PuHmqQLOG+2tGpRO26Ctg+Cq1E01D2DMriKEATHgWLfeNDmq9e29Q9WIky0dQ3NPkd1mzYH8Lm936Z9qw==
  
  "@types/react-native@*":
    version "0.62.2"
    resolved "https://registry.npmjs.org/@types/react-native/-/react-native-0.62.2.tgz#f3e150f308c27089cefbcbfa3eb6cc14db279b2f"
    integrity sha512-oIUIbqZNN9vRnGKWHYbTVp/GyTqdaM5mfy1s4zsi6BYvHAaFOPZ32IrhIHno/A5XOv4wuGfE7g5fliDk/H0+/Q==
    dependencies:
      "@types/react" "*"
  
  "@types/react@*", "@types/react@^16.9.34":
    version "16.9.34"
    resolved "https://registry.npmjs.org/@types/react/-/react-16.9.34.tgz#f7d5e331c468f53affed17a8a4d488cd44ea9349"
    integrity sha512-8AJlYMOfPe1KGLKyHpflCg5z46n0b5DbRfqDksxBLBTUpB75ypDBAO9eCUcjNwE6LCUslwTz00yyG/X9gaVtow==
    dependencies:
      "@types/prop-types" "*"
      csstype "^2.2.0"
  
  "@types/styled-components@^5.0.1":
    version "5.0.1"
    resolved "https://registry.npmjs.org/@types/styled-components/-/styled-components-5.0.1.tgz#44d210b0a0218a70df998d1a8e1f69c82d9cc68b"
    integrity sha512-1yRYO1dAE2MGEuYKF1yQFeMdoyerIQn6ZDnFFkxZamcs3rn8RQVn98edPsTROAxbTz81tqnVN4BJ3Qs1cm/tKg==
    dependencies:
      "@types/hoist-non-react-statics" "*"
      "@types/react" "*"
      "@types/react-native" "*"
      csstype "^2.2.0"
  
  color-convert@^1.9.1:
    version "1.9.3"
    resolved "https://registry.npmjs.org/color-convert/-/color-convert-1.9.3.tgz#bb71850690e1f136567de629d2d5471deda4c1e8"
    integrity sha512-QfAUtd+vFdAtFQcC8CCyYt1fYWxSqAiK2cSD6zDB8N3cpsEBAvRxp9zOGg6G/SHHJYAT88/az/IuDGALsNVbGg==
    dependencies:
      color-name "1.1.3"
  
  color-name@1.1.3:
    version "1.1.3"
    resolved "https://registry.npmjs.org/color-name/-/color-name-1.1.3.tgz#a7d0558bd89c42f795dd42328f740831ca53bc25"
    integrity sha1-p9BVi9icQveV3UIyj3QIMcpTvCU=
  
  color-name@^1.0.0:
    version "1.1.4"
    resolved "https://registry.npmjs.org/color-name/-/color-name-1.1.4.tgz#c2a09a87acbde69543de6f63fa3995c826c536a2"
    integrity sha512-dOy+3AuW3a2wNbZHIuMZpTcgjGuLU/uBL/ubcZF9OXbDo8ff4O8yVp5Bf0efS8uEoYo5q4Fx7dY9OgQGXgAsQA==
  
  color-string@^1.5.2:
    version "1.5.3"
    resolved "https://registry.npmjs.org/color-string/-/color-string-1.5.3.tgz#c9bbc5f01b58b5492f3d6857459cb6590ce204cc"
    integrity sha512-dC2C5qeWoYkxki5UAXapdjqO672AM4vZuPGRQfO8b5HKuKGBbKWpITyDYN7TOFKvRW7kOgAn3746clDBMDJyQw==
    dependencies:
      color-name "^1.0.0"
      simple-swizzle "^0.2.2"
  
  color@^3.1.2:
    version "3.1.2"
    resolved "https://registry.npmjs.org/color/-/color-3.1.2.tgz#68148e7f85d41ad7649c5fa8c8106f098d229e10"
    integrity sha512-vXTJhHebByxZn3lDvDJYw4lR5+uB3vuoHsuYA5AKuxRVn5wzzIfQKGLBmgdVRHKTJYeK5rvJcHnrd0Li49CFpg==
    dependencies:
      color-convert "^1.9.1"
      color-string "^1.5.2"
  
  commander@^2.20.0:
    version "2.20.3"
    resolved "https://registry.npmjs.org/commander/-/commander-2.20.3.tgz#fd485e84c03eb4881c20722ba48035e8531aeb33"
    integrity sha512-GpVkmM8vF2vQUkj2LvZmD35JxeJOLCwJ9cUkugyk2nuhbv3+mJvpLYYt+0+USMxE+oj+ey/lJEnhZw75x/OMcQ==
  
  csstype@^2.2.0:
    version "2.6.10"
    resolved "https://registry.npmjs.org/csstype/-/csstype-2.6.10.tgz#e63af50e66d7c266edb6b32909cfd0aabe03928b"
    integrity sha512-D34BqZU4cIlMCY93rZHbrq9pjTAQJ3U8S8rfBqjwHxkGPThWFjzZDQpgMJY0QViLxth6ZKYiwFBo14RdN44U/w==
  
  executioner@^2.0.1:
    version "2.0.1"
    resolved "https://registry.npmjs.org/executioner/-/executioner-2.0.1.tgz#add328e03bc45dd598f358fbb529fc0be0ec6fcd"
    integrity sha1-rdMo4DvEXdWY81j7tSn8C+Dsb80=
    dependencies:
      mixly "^1.0.0"
  
  fulcon@^1.0.1:
    version "1.0.2"
    resolved "https://registry.npmjs.org/fulcon/-/fulcon-1.0.2.tgz#8a4dfda4c73fcd9cc62a79d5045c392b45547320"
    integrity sha1-ik39pMc/zZzGKnnVBFw5K0VUcyA=
  
  hoist-non-react-statics@^3.3.0:
    version "3.3.2"
    resolved "https://registry.npmjs.org/hoist-non-react-statics/-/hoist-non-react-statics-3.3.2.tgz#ece0acaf71d62c2969c2ec59feff42a4b1a85b45"
    integrity sha512-/gGivxi8JPKWNm/W0jSmzcMPpfpPLc3dY/6GxhX2hQ9iGj3aDfklV4ET7NjKpSinLpJ5vafa9iiGIEZg10SfBw==
    dependencies:
      react-is "^16.7.0"
  
  install-peers-cli@^2.2.0:
    version "2.2.0"
    resolved "https://registry.npmjs.org/install-peers-cli/-/install-peers-cli-2.2.0.tgz#f76f1ec8ac9fa7f920c05743e011554edad85f8d"
    integrity sha512-scSNvF49HDOLNm2xLFwST23g/OvfsceiA087bcGBgZP/ZNCrvpSaCn5IrWNZ2XYmFFykXF/6J1Zgm+D/JgRgtA==
    dependencies:
      commander "^2.20.0"
      executioner "^2.0.1"
  
  is-arrayish@^0.3.1:
    version "0.3.2"
    resolved "https://registry.npmjs.org/is-arrayish/-/is-arrayish-0.3.2.tgz#4574a2ae56f7ab206896fb431eaeed066fdf8f03"
    integrity sha512-eVRqCvVlZbuw3GrM63ovNSNAeA1K16kaR/LRY/92w0zxQ5/1YzwblUX652i4Xs9RwAGjW9d9y6X88t8OaAJfWQ==
  
  mixly@^1.0.0:
    version "1.0.0"
    resolved "https://registry.npmjs.org/mixly/-/mixly-1.0.0.tgz#9b5a2e1f63e6dfba0d30e6797ffae62ab1dc24ef"
    integrity sha1-m1ouH2Pm37oNMOZ5f/rmKrHcJO8=
    dependencies:
      fulcon "^1.0.1"
  
  react-is@^16.7.0:
    version "16.13.1"
    resolved "https://registry.npmjs.org/react-is/-/react-is-16.13.1.tgz#789729a4dc36de2999dc156dd6c1d9c18cea56a4"
    integrity sha512-24e6ynE2H+OKt4kqsOvNd8kBpV65zoxbA4BVsEOB3ARVWQki/DHzaUoC5KuON/BiccDaCCTZBuOcfZs70kR8bQ==
  
  react-native-iphone-x-helper@^1.2.1:
    version "1.2.1"
    resolved "https://registry.npmjs.org/react-native-iphone-x-helper/-/react-native-iphone-x-helper-1.2.1.tgz#645e2ffbbb49e80844bb4cbbe34a126fda1e6772"
    integrity sha512-/VbpIEp8tSNNHIvstuA3Swx610whci1Zpc9mqNkqn14DkMbw+ORviln2u0XyHG1kPvvwTNGZY6QpeFwxYaSdbQ==
  
  simple-swizzle@^0.2.2:
    version "0.2.2"
    resolved "https://registry.npmjs.org/simple-swizzle/-/simple-swizzle-0.2.2.tgz#a4da6b635ffcccca33f70d17cb92592de95e557a"
    integrity sha1-pNprY1/8zMoz9w0Xy5JZLeleVXo=
    dependencies:
      is-arrayish "^0.3.1"
  
  typescript@^3.8.3:
    version "3.8.3"
    resolved "https://registry.npmjs.org/typescript/-/typescript-3.8.3.tgz#409eb8544ea0335711205869ec458ab109ee1061"
    integrity sha512-MYlEfn5VrLNsgudQTVJeNaQFUAI7DkhnOjdpAp4T+ku1TfQClewlbSuTVHiA+8skNBgaf02TL/kLOvig4y3G8w==
